<?xml version="1.0" encoding="UTF-8"?>
<!-- Generated by org.testng.reporters.JUnitXMLReporter -->
<testsuite ignored="4" hostname="DESKTOP-48EO8R1" failures="0" tests="4" name="Test" time="0.174" errors="0" timestamp="2025-12-01T16:39:41 IST">
  <testcase classname="Package1.CreateContactTest" name="Test1" time="0.033"/>
  <testcase classname="Package1.CreateOrgTest" name="Test1" time="0.003"/>
  <testcase classname="Package2.CreateCanpaignTest" name="Test1" time="0.005"/>
  <testcase classname="Package2.CreateVendorTest" name="Test1" time="0.004"/>
  <testcase classname="Package1.CreateOrgTest" name="Test2" time="0.0">
    <ignored/>
  </testcase> <!-- Test2 -->
  <testcase classname="Package1.CreateContactTest" name="Test2" time="0.0">
    <ignored/>
  </testcase> <!-- Test2 -->
  <testcase classname="Package2.CreateCanpaignTest" name="Test2" time="0.0">
    <ignored/>
  </testcase> <!-- Test2 -->
  <testcase classname="Package2.CreateVendorTest" name="Test2" time="0.0">
    <ignored/>
  </testcase> <!-- Test2 -->
</testsuite> <!-- Test -->
