<?xml version="1.0" encoding="UTF-8"?>
<testng-results ignored="4" total="8" passed="4" failed="0" skipped="0">
  <reporter-output>
  </reporter-output>
  <suite started-at="2025-12-01T16:39:41 IST" name="Suite" finished-at="2025-12-01T16:39:41 IST" duration-ms="174">
    <groups>
      <group name="SmokeTest">
        <method signature="CreateContactTest.Test1()[pri:0, instance:Package1.CreateContactTest@202b0582]" name="Test1" class="Package1.CreateContactTest"/>
        <method signature="CreateOrgTest.Test1()[pri:0, instance:Package1.CreateOrgTest@742ff096]" name="Test1" class="Package1.CreateOrgTest"/>
        <method signature="CreateCanpaignTest.Test1()[pri:0, instance:Package2.CreateCanpaignTest@75437611]" name="Test1" class="Package2.CreateCanpaignTest"/>
        <method signature="CreateVendorTest.Test1()[pri:0, instance:Package2.CreateVendorTest@350aac89]" name="Test1" class="Package2.CreateVendorTest"/>
      </group> <!-- SmokeTest -->
    </groups>
    <test started-at="2025-12-01T16:39:41 IST" name="Test" finished-at="2025-12-01T16:39:41 IST" duration-ms="174">
      <class name="Package2.CreateCanpaignTest">
        <test-method signature="Test1()[pri:0, instance:Package2.CreateCanpaignTest@75437611]" started-at="2025-12-01T16:39:41 IST" name="Test1" finished-at="2025-12-01T16:39:41 IST" duration-ms="5" status="PASS">
          <reporter-output>
          </reporter-output>
        </test-method> <!-- Test1 -->
      </class> <!-- Package2.CreateCanpaignTest -->
      <class name="Package1.CreateOrgTest">
        <test-method signature="Test1()[pri:0, instance:Package1.CreateOrgTest@742ff096]" started-at="2025-12-01T16:39:41 IST" name="Test1" finished-at="2025-12-01T16:39:41 IST" duration-ms="3" status="PASS">
          <reporter-output>
          </reporter-output>
        </test-method> <!-- Test1 -->
      </class> <!-- Package1.CreateOrgTest -->
      <class name="Package1.CreateContactTest">
        <test-method signature="Test1()[pri:0, instance:Package1.CreateContactTest@202b0582]" started-at="2025-12-01T16:39:41 IST" name="Test1" finished-at="2025-12-01T16:39:41 IST" duration-ms="33" status="PASS">
          <reporter-output>
          </reporter-output>
        </test-method> <!-- Test1 -->
      </class> <!-- Package1.CreateContactTest -->
      <class name="Package2.CreateVendorTest">
        <test-method signature="Test1()[pri:0, instance:Package2.CreateVendorTest@350aac89]" started-at="2025-12-01T16:39:41 IST" name="Test1" finished-at="2025-12-01T16:39:41 IST" duration-ms="4" status="PASS">
          <reporter-output>
          </reporter-output>
        </test-method> <!-- Test1 -->
      </class> <!-- Package2.CreateVendorTest -->
    </test> <!-- Test -->
  </suite> <!-- Suite -->
</testng-results>
